Analysis & Synthesis report for cpu
Tue Dec  3 17:53:08 2024
Quartus Prime Version 21.1.0 Build 842 10/21/2021 SJ Lite Edition


---------------------
; Table of Contents ;
---------------------
  1. Legal Notice
  2. Analysis & Synthesis Summary
  3. Analysis & Synthesis Settings
  4. Parallel Compilation
  5. Analysis & Synthesis Source Files Read
  6. Analysis & Synthesis Resource Usage Summary
  7. Analysis & Synthesis Resource Utilization by Entity
  8. Analysis & Synthesis RAM Summary
  9. Analysis & Synthesis IP Cores Summary
 10. State Machine - |cpu|state
 11. Registers Removed During Synthesis
 12. General Register Statistics
 13. Multiplexer Restructuring Statistics (Restructuring Performed)
 14. Source assignments for memoria1:memoria_inst|memoria:inst1|altsyncram:altsyncram_component|altsyncram_mt14:auto_generated
 15. Parameter Settings for User Entity Instance: memoria1:memoria_inst|memoria:inst1|altsyncram:altsyncram_component
 16. altsyncram Parameter Settings by Entity Instance
 17. Port Connectivity Checks: "alu:alu_inst|fullAdder8bits:subtrair"
 18. Port Connectivity Checks: "alu:alu_inst|fullAdder8bits:somar"
 19. Port Connectivity Checks: "alu:alu_inst"
 20. Post-Synthesis Netlist Statistics for Top Partition
 21. Elapsed Time Per Partition
 22. Analysis & Synthesis Messages



----------------
; Legal Notice ;
----------------
Copyright (C) 2021  Intel Corporation. All rights reserved.
Your use of Intel Corporation's design tools, logic functions 
and other software and tools, and any partner logic 
functions, and any output files from any of the foregoing 
(including device programming or simulation files), and any 
associated documentation or information are expressly subject 
to the terms and conditions of the Intel Program License 
Subscription Agreement, the Intel Quartus Prime License Agreement,
the Intel FPGA IP License Agreement, or other applicable license
agreement, including, without limitation, that your use is for
the sole purpose of programming logic devices manufactured by
Intel and sold by Intel or its authorized distributors.  Please
refer to the applicable agreement for further details, at
https://fpgasoftware.intel.com/eula.



+-------------------------------------------------------------------------------+
; Analysis & Synthesis Summary                                                  ;
+---------------------------------+---------------------------------------------+
; Analysis & Synthesis Status     ; Successful - Tue Dec  3 17:53:08 2024       ;
; Quartus Prime Version           ; 21.1.0 Build 842 10/21/2021 SJ Lite Edition ;
; Revision Name                   ; cpu                                         ;
; Top-level Entity Name           ; cpu                                         ;
; Family                          ; Cyclone V                                   ;
; Logic utilization (in ALMs)     ; N/A                                         ;
; Total registers                 ; 113                                         ;
; Total pins                      ; 19                                          ;
; Total virtual pins              ; 0                                           ;
; Total block memory bits         ; 2,048                                       ;
; Total DSP Blocks                ; 0                                           ;
; Total HSSI RX PCSs              ; 0                                           ;
; Total HSSI PMA RX Deserializers ; 0                                           ;
; Total HSSI TX PCSs              ; 0                                           ;
; Total HSSI PMA TX Serializers   ; 0                                           ;
; Total PLLs                      ; 0                                           ;
; Total DLLs                      ; 0                                           ;
+---------------------------------+---------------------------------------------+


+---------------------------------------------------------------------------------------------------------------------------+
; Analysis & Synthesis Settings                                                                                             ;
+---------------------------------------------------------------------------------+--------------------+--------------------+
; Option                                                                          ; Setting            ; Default Value      ;
+---------------------------------------------------------------------------------+--------------------+--------------------+
; Device                                                                          ; 5CEBA4F23C7        ;                    ;
; Top-level entity name                                                           ; cpu                ; cpu                ;
; Family name                                                                     ; Cyclone V          ; Cyclone V          ;
; Use smart compilation                                                           ; Off                ; Off                ;
; Enable parallel Assembler and Timing Analyzer during compilation                ; On                 ; On                 ;
; Enable compact report table                                                     ; Off                ; Off                ;
; Restructure Multiplexers                                                        ; Auto               ; Auto               ;
; MLAB Add Timing Constraints For Mixed-Port Feed-Through Mode Setting Don't Care ; Off                ; Off                ;
; Create Debugging Nodes for IP Cores                                             ; Off                ; Off                ;
; Preserve fewer node names                                                       ; On                 ; On                 ;
; Intel FPGA IP Evaluation Mode                                                   ; Enable             ; Enable             ;
; Verilog Version                                                                 ; Verilog_2001       ; Verilog_2001       ;
; VHDL Version                                                                    ; VHDL_1993          ; VHDL_1993          ;
; State Machine Processing                                                        ; Auto               ; Auto               ;
; Safe State Machine                                                              ; Off                ; Off                ;
; Extract Verilog State Machines                                                  ; On                 ; On                 ;
; Extract VHDL State Machines                                                     ; On                 ; On                 ;
; Ignore Verilog initial constructs                                               ; Off                ; Off                ;
; Iteration limit for constant Verilog loops                                      ; 5000               ; 5000               ;
; Iteration limit for non-constant Verilog loops                                  ; 250                ; 250                ;
; Add Pass-Through Logic to Inferred RAMs                                         ; On                 ; On                 ;
; Infer RAMs from Raw Logic                                                       ; On                 ; On                 ;
; Parallel Synthesis                                                              ; On                 ; On                 ;
; DSP Block Balancing                                                             ; Auto               ; Auto               ;
; NOT Gate Push-Back                                                              ; On                 ; On                 ;
; Power-Up Don't Care                                                             ; On                 ; On                 ;
; Remove Redundant Logic Cells                                                    ; Off                ; Off                ;
; Remove Duplicate Registers                                                      ; On                 ; On                 ;
; Ignore CARRY Buffers                                                            ; Off                ; Off                ;
; Ignore CASCADE Buffers                                                          ; Off                ; Off                ;
; Ignore GLOBAL Buffers                                                           ; Off                ; Off                ;
; Ignore ROW GLOBAL Buffers                                                       ; Off                ; Off                ;
; Ignore LCELL Buffers                                                            ; Off                ; Off                ;
; Ignore SOFT Buffers                                                             ; On                 ; On                 ;
; Limit AHDL Integers to 32 Bits                                                  ; Off                ; Off                ;
; Optimization Technique                                                          ; Balanced           ; Balanced           ;
; Carry Chain Length                                                              ; 70                 ; 70                 ;
; Auto Carry Chains                                                               ; On                 ; On                 ;
; Auto Open-Drain Pins                                                            ; On                 ; On                 ;
; Perform WYSIWYG Primitive Resynthesis                                           ; Off                ; Off                ;
; Auto ROM Replacement                                                            ; On                 ; On                 ;
; Auto RAM Replacement                                                            ; On                 ; On                 ;
; Auto DSP Block Replacement                                                      ; On                 ; On                 ;
; Auto Shift Register Replacement                                                 ; Auto               ; Auto               ;
; Allow Shift Register Merging across Hierarchies                                 ; Auto               ; Auto               ;
; Auto Clock Enable Replacement                                                   ; On                 ; On                 ;
; Strict RAM Replacement                                                          ; Off                ; Off                ;
; Allow Synchronous Control Signals                                               ; On                 ; On                 ;
; Force Use of Synchronous Clear Signals                                          ; Off                ; Off                ;
; Auto Resource Sharing                                                           ; Off                ; Off                ;
; Allow Any RAM Size For Recognition                                              ; Off                ; Off                ;
; Allow Any ROM Size For Recognition                                              ; Off                ; Off                ;
; Allow Any Shift Register Size For Recognition                                   ; Off                ; Off                ;
; Use LogicLock Constraints during Resource Balancing                             ; On                 ; On                 ;
; Ignore translate_off and synthesis_off directives                               ; Off                ; Off                ;
; Timing-Driven Synthesis                                                         ; On                 ; On                 ;
; Report Parameter Settings                                                       ; On                 ; On                 ;
; Report Source Assignments                                                       ; On                 ; On                 ;
; Report Connectivity Checks                                                      ; On                 ; On                 ;
; Ignore Maximum Fan-Out Assignments                                              ; Off                ; Off                ;
; Synchronization Register Chain Length                                           ; 3                  ; 3                  ;
; Power Optimization During Synthesis                                             ; Normal compilation ; Normal compilation ;
; HDL message level                                                               ; Level2             ; Level2             ;
; Suppress Register Optimization Related Messages                                 ; Off                ; Off                ;
; Number of Removed Registers Reported in Synthesis Report                        ; 5000               ; 5000               ;
; Number of Swept Nodes Reported in Synthesis Report                              ; 5000               ; 5000               ;
; Number of Inverted Registers Reported in Synthesis Report                       ; 100                ; 100                ;
; Clock MUX Protection                                                            ; On                 ; On                 ;
; Auto Gated Clock Conversion                                                     ; Off                ; Off                ;
; Block Design Naming                                                             ; Auto               ; Auto               ;
; SDC constraint protection                                                       ; Off                ; Off                ;
; Synthesis Effort                                                                ; Auto               ; Auto               ;
; Shift Register Replacement - Allow Asynchronous Clear Signal                    ; On                 ; On                 ;
; Pre-Mapping Resynthesis Optimization                                            ; Off                ; Off                ;
; Analysis & Synthesis Message Level                                              ; Medium             ; Medium             ;
; Disable Register Merging Across Hierarchies                                     ; Auto               ; Auto               ;
; Resource Aware Inference For Block RAM                                          ; On                 ; On                 ;
; Automatic Parallel Synthesis                                                    ; On                 ; On                 ;
; Partial Reconfiguration Bitstream ID                                            ; Off                ; Off                ;
+---------------------------------------------------------------------------------+--------------------+--------------------+


+------------------------------------------+
; Parallel Compilation                     ;
+----------------------------+-------------+
; Processors                 ; Number      ;
+----------------------------+-------------+
; Number detected on machine ; 4           ;
; Maximum allowed            ; 4           ;
;                            ;             ;
; Average used               ; 1.00        ;
; Maximum used               ; 4           ;
;                            ;             ;
; Usage by Processor         ; % Time Used ;
;     Processor 1            ; 100.0%      ;
;     Processors 2-4         ;   0.0%      ;
+----------------------------+-------------+


+--------------------------------------------------------------------------------------------------------------------------------------------------------------------------------+
; Analysis & Synthesis Source Files Read                                                                                                                                         ;
+----------------------------------+-----------------+----------------------------------+------------------------------------------------------------------------------+---------+
; File Name with User-Entered Path ; Used in Netlist ; File Type                        ; File Name with Absolute Path                                                 ; Library ;
+----------------------------------+-----------------+----------------------------------+------------------------------------------------------------------------------+---------+
; cpu.mif                          ; yes             ; User Memory Initialization File  ; C:/Users/14571376/Desktop/cpu/cpu.mif                                        ;         ;
; alu.vhd                          ; yes             ; User VHDL File                   ; C:/Users/14571376/Desktop/cpu/alu.vhd                                        ;         ;
; complemento_de_dois.vhd          ; yes             ; User VHDL File                   ; C:/Users/14571376/Desktop/cpu/complemento_de_dois.vhd                        ;         ;
; fullAdder8bits.vhd               ; yes             ; User VHDL File                   ; C:/Users/14571376/Desktop/cpu/fullAdder8bits.vhd                             ;         ;
; fullAdder.vhd                    ; yes             ; User VHDL File                   ; C:/Users/14571376/Desktop/cpu/fullAdder.vhd                                  ;         ;
; memoria.vhd                      ; yes             ; User Wizard-Generated File       ; C:/Users/14571376/Desktop/cpu/memoria.vhd                                    ;         ;
; memoria1.vhd                     ; yes             ; User VHDL File                   ; C:/Users/14571376/Desktop/cpu/memoria1.vhd                                   ;         ;
; cpu.vhd                          ; yes             ; Auto-Found VHDL File             ; C:/Users/14571376/Desktop/cpu/cpu.vhd                                        ;         ;
; altsyncram.tdf                   ; yes             ; Megafunction                     ; c:/intelfpga_lite/21.1/quartus/libraries/megafunctions/altsyncram.tdf        ;         ;
; stratix_ram_block.inc            ; yes             ; Megafunction                     ; c:/intelfpga_lite/21.1/quartus/libraries/megafunctions/stratix_ram_block.inc ;         ;
; lpm_mux.inc                      ; yes             ; Megafunction                     ; c:/intelfpga_lite/21.1/quartus/libraries/megafunctions/lpm_mux.inc           ;         ;
; lpm_decode.inc                   ; yes             ; Megafunction                     ; c:/intelfpga_lite/21.1/quartus/libraries/megafunctions/lpm_decode.inc        ;         ;
; aglobal211.inc                   ; yes             ; Megafunction                     ; c:/intelfpga_lite/21.1/quartus/libraries/megafunctions/aglobal211.inc        ;         ;
; a_rdenreg.inc                    ; yes             ; Megafunction                     ; c:/intelfpga_lite/21.1/quartus/libraries/megafunctions/a_rdenreg.inc         ;         ;
; altrom.inc                       ; yes             ; Megafunction                     ; c:/intelfpga_lite/21.1/quartus/libraries/megafunctions/altrom.inc            ;         ;
; altram.inc                       ; yes             ; Megafunction                     ; c:/intelfpga_lite/21.1/quartus/libraries/megafunctions/altram.inc            ;         ;
; altdpram.inc                     ; yes             ; Megafunction                     ; c:/intelfpga_lite/21.1/quartus/libraries/megafunctions/altdpram.inc          ;         ;
; db/altsyncram_mt14.tdf           ; yes             ; Auto-Generated Megafunction      ; C:/Users/14571376/Desktop/cpu/db/altsyncram_mt14.tdf                         ;         ;
+----------------------------------+-----------------+----------------------------------+------------------------------------------------------------------------------+---------+


+---------------------------------------------------------+
; Analysis & Synthesis Resource Usage Summary             ;
+---------------------------------------------+-----------+
; Resource                                    ; Usage     ;
+---------------------------------------------+-----------+
; Estimate of Logic utilization (ALMs needed) ; 122       ;
;                                             ;           ;
; Combinational ALUT usage for logic          ; 174       ;
;     -- 7 input functions                    ; 3         ;
;     -- 6 input functions                    ; 48        ;
;     -- 5 input functions                    ; 34        ;
;     -- 4 input functions                    ; 21        ;
;     -- <=3 input functions                  ; 68        ;
;                                             ;           ;
; Dedicated logic registers                   ; 113       ;
;                                             ;           ;
; I/O pins                                    ; 19        ;
; Total MLAB memory bits                      ; 0         ;
; Total block memory bits                     ; 2048      ;
;                                             ;           ;
; Total DSP Blocks                            ; 0         ;
;                                             ;           ;
; Maximum fan-out node                        ; clk~input ;
; Maximum fan-out                             ; 122       ;
; Total fan-out                               ; 1318      ;
; Average fan-out                             ; 3.96      ;
+---------------------------------------------+-----------+


+------------------------------------------------------------------------------------------------------------------------------------------------------------------------------------------------------------------------------------------------------------------------------------------------------+
; Analysis & Synthesis Resource Utilization by Entity                                                                                                                                                                                                                                                  ;
+----------------------------------------------+---------------------+---------------------------+-------------------+------------+------+--------------+---------------------------------------------------------------------------------------------------------+---------------------+--------------+
; Compilation Hierarchy Node                   ; Combinational ALUTs ; Dedicated Logic Registers ; Block Memory Bits ; DSP Blocks ; Pins ; Virtual Pins ; Full Hierarchy Name                                                                                     ; Entity Name         ; Library Name ;
+----------------------------------------------+---------------------+---------------------------+-------------------+------------+------+--------------+---------------------------------------------------------------------------------------------------------+---------------------+--------------+
; |cpu                                         ; 174 (118)           ; 113 (113)                 ; 2048              ; 0          ; 19   ; 0            ; |cpu                                                                                                    ; cpu                 ; work         ;
;    |alu:alu_inst|                            ; 56 (27)             ; 0 (0)                     ; 0                 ; 0          ; 0    ; 0            ; |cpu|alu:alu_inst                                                                                       ; alu                 ; work         ;
;       |complemento_de_dois:complemento|      ; 8 (8)               ; 0 (0)                     ; 0                 ; 0          ; 0    ; 0            ; |cpu|alu:alu_inst|complemento_de_dois:complemento                                                       ; complemento_de_dois ; work         ;
;       |fullAdder8bits:somar|                 ; 8 (0)               ; 0 (0)                     ; 0                 ; 0          ; 0    ; 0            ; |cpu|alu:alu_inst|fullAdder8bits:somar                                                                  ; fullAdder8bits      ; work         ;
;          |fullAdder:FA1|                     ; 1 (1)               ; 0 (0)                     ; 0                 ; 0          ; 0    ; 0            ; |cpu|alu:alu_inst|fullAdder8bits:somar|fullAdder:FA1                                                    ; fullAdder           ; work         ;
;          |fullAdder:FA2|                     ; 2 (2)               ; 0 (0)                     ; 0                 ; 0          ; 0    ; 0            ; |cpu|alu:alu_inst|fullAdder8bits:somar|fullAdder:FA2                                                    ; fullAdder           ; work         ;
;          |fullAdder:FA4|                     ; 1 (1)               ; 0 (0)                     ; 0                 ; 0          ; 0    ; 0            ; |cpu|alu:alu_inst|fullAdder8bits:somar|fullAdder:FA4                                                    ; fullAdder           ; work         ;
;          |fullAdder:FA5|                     ; 3 (3)               ; 0 (0)                     ; 0                 ; 0          ; 0    ; 0            ; |cpu|alu:alu_inst|fullAdder8bits:somar|fullAdder:FA5                                                    ; fullAdder           ; work         ;
;          |fullAdder:FA7|                     ; 1 (1)               ; 0 (0)                     ; 0                 ; 0          ; 0    ; 0            ; |cpu|alu:alu_inst|fullAdder8bits:somar|fullAdder:FA7                                                    ; fullAdder           ; work         ;
;       |fullAdder8bits:subtrair|              ; 13 (0)              ; 0 (0)                     ; 0                 ; 0          ; 0    ; 0            ; |cpu|alu:alu_inst|fullAdder8bits:subtrair                                                               ; fullAdder8bits      ; work         ;
;          |fullAdder:FA1|                     ; 2 (2)               ; 0 (0)                     ; 0                 ; 0          ; 0    ; 0            ; |cpu|alu:alu_inst|fullAdder8bits:subtrair|fullAdder:FA1                                                 ; fullAdder           ; work         ;
;          |fullAdder:FA2|                     ; 2 (2)               ; 0 (0)                     ; 0                 ; 0          ; 0    ; 0            ; |cpu|alu:alu_inst|fullAdder8bits:subtrair|fullAdder:FA2                                                 ; fullAdder           ; work         ;
;          |fullAdder:FA3|                     ; 1 (1)               ; 0 (0)                     ; 0                 ; 0          ; 0    ; 0            ; |cpu|alu:alu_inst|fullAdder8bits:subtrair|fullAdder:FA3                                                 ; fullAdder           ; work         ;
;          |fullAdder:FA4|                     ; 2 (2)               ; 0 (0)                     ; 0                 ; 0          ; 0    ; 0            ; |cpu|alu:alu_inst|fullAdder8bits:subtrair|fullAdder:FA4                                                 ; fullAdder           ; work         ;
;          |fullAdder:FA5|                     ; 1 (1)               ; 0 (0)                     ; 0                 ; 0          ; 0    ; 0            ; |cpu|alu:alu_inst|fullAdder8bits:subtrair|fullAdder:FA5                                                 ; fullAdder           ; work         ;
;          |fullAdder:FA6|                     ; 3 (3)               ; 0 (0)                     ; 0                 ; 0          ; 0    ; 0            ; |cpu|alu:alu_inst|fullAdder8bits:subtrair|fullAdder:FA6                                                 ; fullAdder           ; work         ;
;          |fullAdder:FA7|                     ; 2 (2)               ; 0 (0)                     ; 0                 ; 0          ; 0    ; 0            ; |cpu|alu:alu_inst|fullAdder8bits:subtrair|fullAdder:FA7                                                 ; fullAdder           ; work         ;
;    |memoria1:memoria_inst|                   ; 0 (0)               ; 0 (0)                     ; 2048              ; 0          ; 0    ; 0            ; |cpu|memoria1:memoria_inst                                                                              ; memoria1            ; work         ;
;       |memoria:inst1|                        ; 0 (0)               ; 0 (0)                     ; 2048              ; 0          ; 0    ; 0            ; |cpu|memoria1:memoria_inst|memoria:inst1                                                                ; memoria             ; work         ;
;          |altsyncram:altsyncram_component|   ; 0 (0)               ; 0 (0)                     ; 2048              ; 0          ; 0    ; 0            ; |cpu|memoria1:memoria_inst|memoria:inst1|altsyncram:altsyncram_component                                ; altsyncram          ; work         ;
;             |altsyncram_mt14:auto_generated| ; 0 (0)               ; 0 (0)                     ; 2048              ; 0          ; 0    ; 0            ; |cpu|memoria1:memoria_inst|memoria:inst1|altsyncram:altsyncram_component|altsyncram_mt14:auto_generated ; altsyncram_mt14     ; work         ;
+----------------------------------------------+---------------------+---------------------------+-------------------+------------+------+--------------+---------------------------------------------------------------------------------------------------------+---------------------+--------------+
Note: For table entries with two numbers listed, the numbers in parentheses indicate the number of resources of the given type used by the specific entity alone. The numbers listed outside of parentheses indicate the total resources of the given type used by the specific entity and all of its sub-entities in the hierarchy.


+-----------------------------------------------------------------------------------------------------------------------------------------------------------------------------------------------------------------+
; Analysis & Synthesis RAM Summary                                                                                                                                                                                ;
+---------------------------------------------------------------------------------------------------------------+------+-------------+--------------+--------------+--------------+--------------+------+---------+
; Name                                                                                                          ; Type ; Mode        ; Port A Depth ; Port A Width ; Port B Depth ; Port B Width ; Size ; MIF     ;
+---------------------------------------------------------------------------------------------------------------+------+-------------+--------------+--------------+--------------+--------------+------+---------+
; memoria1:memoria_inst|memoria:inst1|altsyncram:altsyncram_component|altsyncram_mt14:auto_generated|ALTSYNCRAM ; AUTO ; Single Port ; 256          ; 8            ; --           ; --           ; 2048 ; cpu.mif ;
+---------------------------------------------------------------------------------------------------------------+------+-------------+--------------+--------------+--------------+--------------+------+---------+


+----------------------------------------------------------------------------------------------------------------------------+
; Analysis & Synthesis IP Cores Summary                                                                                      ;
+--------+--------------+---------+--------------+--------------+------------------------------------------+-----------------+
; Vendor ; IP Core Name ; Version ; Release Date ; License Type ; Entity Instance                          ; IP Include File ;
+--------+--------------+---------+--------------+--------------+------------------------------------------+-----------------+
; Altera ; RAM: 1-PORT  ; 21.1    ; N/A          ; N/A          ; |cpu|memoria1:memoria_inst|memoria:inst1 ; memoria.vhd     ;
+--------+--------------+---------+--------------+--------------+------------------------------------------+-----------------+


Encoding Type:  One-Hot
+-----------------------------------------------------------------------------------------------------------------------------------------------------------------------------------------------------------------------------------------------------------------------------------------------------------------------------------------------------------------------------------------------------------------------------------------------------+
; State Machine - |cpu|state                                                                                                                                                                                                                                                                                                                                                                                                                          ;
+-------------------------------+--------------+--------------+--------------+-------------+-------------+-------------+--------------+------------+-----------+--------------+-------------+-------------+------------+-------------------------------+------------------------------+------------+------------+-----------+------------+------------+------------+------------------+------------------+---------------+--------------+-------------+
; Name                          ; state.STORE4 ; state.STORE3 ; state.STORE2 ; state.LOAD4 ; state.LOAD3 ; state.LOAD2 ; state.FETCH1 ; state.MOV1 ; state.MOV ; state.STORE1 ; state.STORE ; state.LOAD1 ; state.LOAD ; state.PROXIMA_LINHA_ENDERECO1 ; state.PROXIMA_LINHA_ENDERECO ; state.CMP1 ; state.NOT1 ; state.OR1 ; state.AND1 ; state.SUB1 ; state.ADD1 ; state.WRITE_BACK ; state.MEM_ACCESS ; state.EXECUTE ; state.DECODE ; state.FETCH ;
+-------------------------------+--------------+--------------+--------------+-------------+-------------+-------------+--------------+------------+-----------+--------------+-------------+-------------+------------+-------------------------------+------------------------------+------------+------------+-----------+------------+------------+------------+------------------+------------------+---------------+--------------+-------------+
; state.FETCH                   ; 0            ; 0            ; 0            ; 0           ; 0           ; 0           ; 0            ; 0          ; 0         ; 0            ; 0           ; 0           ; 0          ; 0                             ; 0                            ; 0          ; 0          ; 0         ; 0          ; 0          ; 0          ; 0                ; 0                ; 0             ; 0            ; 0           ;
; state.DECODE                  ; 0            ; 0            ; 0            ; 0           ; 0           ; 0           ; 0            ; 0          ; 0         ; 0            ; 0           ; 0           ; 0          ; 0                             ; 0                            ; 0          ; 0          ; 0         ; 0          ; 0          ; 0          ; 0                ; 0                ; 0             ; 1            ; 1           ;
; state.EXECUTE                 ; 0            ; 0            ; 0            ; 0           ; 0           ; 0           ; 0            ; 0          ; 0         ; 0            ; 0           ; 0           ; 0          ; 0                             ; 0                            ; 0          ; 0          ; 0         ; 0          ; 0          ; 0          ; 0                ; 0                ; 1             ; 0            ; 1           ;
; state.MEM_ACCESS              ; 0            ; 0            ; 0            ; 0           ; 0           ; 0           ; 0            ; 0          ; 0         ; 0            ; 0           ; 0           ; 0          ; 0                             ; 0                            ; 0          ; 0          ; 0         ; 0          ; 0          ; 0          ; 0                ; 1                ; 0             ; 0            ; 1           ;
; state.WRITE_BACK              ; 0            ; 0            ; 0            ; 0           ; 0           ; 0           ; 0            ; 0          ; 0         ; 0            ; 0           ; 0           ; 0          ; 0                             ; 0                            ; 0          ; 0          ; 0         ; 0          ; 0          ; 0          ; 1                ; 0                ; 0             ; 0            ; 1           ;
; state.ADD1                    ; 0            ; 0            ; 0            ; 0           ; 0           ; 0           ; 0            ; 0          ; 0         ; 0            ; 0           ; 0           ; 0          ; 0                             ; 0                            ; 0          ; 0          ; 0         ; 0          ; 0          ; 1          ; 0                ; 0                ; 0             ; 0            ; 1           ;
; state.SUB1                    ; 0            ; 0            ; 0            ; 0           ; 0           ; 0           ; 0            ; 0          ; 0         ; 0            ; 0           ; 0           ; 0          ; 0                             ; 0                            ; 0          ; 0          ; 0         ; 0          ; 1          ; 0          ; 0                ; 0                ; 0             ; 0            ; 1           ;
; state.AND1                    ; 0            ; 0            ; 0            ; 0           ; 0           ; 0           ; 0            ; 0          ; 0         ; 0            ; 0           ; 0           ; 0          ; 0                             ; 0                            ; 0          ; 0          ; 0         ; 1          ; 0          ; 0          ; 0                ; 0                ; 0             ; 0            ; 1           ;
; state.OR1                     ; 0            ; 0            ; 0            ; 0           ; 0           ; 0           ; 0            ; 0          ; 0         ; 0            ; 0           ; 0           ; 0          ; 0                             ; 0                            ; 0          ; 0          ; 1         ; 0          ; 0          ; 0          ; 0                ; 0                ; 0             ; 0            ; 1           ;
; state.NOT1                    ; 0            ; 0            ; 0            ; 0           ; 0           ; 0           ; 0            ; 0          ; 0         ; 0            ; 0           ; 0           ; 0          ; 0                             ; 0                            ; 0          ; 1          ; 0         ; 0          ; 0          ; 0          ; 0                ; 0                ; 0             ; 0            ; 1           ;
; state.CMP1                    ; 0            ; 0            ; 0            ; 0           ; 0           ; 0           ; 0            ; 0          ; 0         ; 0            ; 0           ; 0           ; 0          ; 0                             ; 0                            ; 1          ; 0          ; 0         ; 0          ; 0          ; 0          ; 0                ; 0                ; 0             ; 0            ; 1           ;
; state.PROXIMA_LINHA_ENDERECO  ; 0            ; 0            ; 0            ; 0           ; 0           ; 0           ; 0            ; 0          ; 0         ; 0            ; 0           ; 0           ; 0          ; 0                             ; 1                            ; 0          ; 0          ; 0         ; 0          ; 0          ; 0          ; 0                ; 0                ; 0             ; 0            ; 1           ;
; state.PROXIMA_LINHA_ENDERECO1 ; 0            ; 0            ; 0            ; 0           ; 0           ; 0           ; 0            ; 0          ; 0         ; 0            ; 0           ; 0           ; 0          ; 1                             ; 0                            ; 0          ; 0          ; 0         ; 0          ; 0          ; 0          ; 0                ; 0                ; 0             ; 0            ; 1           ;
; state.LOAD                    ; 0            ; 0            ; 0            ; 0           ; 0           ; 0           ; 0            ; 0          ; 0         ; 0            ; 0           ; 0           ; 1          ; 0                             ; 0                            ; 0          ; 0          ; 0         ; 0          ; 0          ; 0          ; 0                ; 0                ; 0             ; 0            ; 1           ;
; state.LOAD1                   ; 0            ; 0            ; 0            ; 0           ; 0           ; 0           ; 0            ; 0          ; 0         ; 0            ; 0           ; 1           ; 0          ; 0                             ; 0                            ; 0          ; 0          ; 0         ; 0          ; 0          ; 0          ; 0                ; 0                ; 0             ; 0            ; 1           ;
; state.STORE                   ; 0            ; 0            ; 0            ; 0           ; 0           ; 0           ; 0            ; 0          ; 0         ; 0            ; 1           ; 0           ; 0          ; 0                             ; 0                            ; 0          ; 0          ; 0         ; 0          ; 0          ; 0          ; 0                ; 0                ; 0             ; 0            ; 1           ;
; state.STORE1                  ; 0            ; 0            ; 0            ; 0           ; 0           ; 0           ; 0            ; 0          ; 0         ; 1            ; 0           ; 0           ; 0          ; 0                             ; 0                            ; 0          ; 0          ; 0         ; 0          ; 0          ; 0          ; 0                ; 0                ; 0             ; 0            ; 1           ;
; state.MOV                     ; 0            ; 0            ; 0            ; 0           ; 0           ; 0           ; 0            ; 0          ; 1         ; 0            ; 0           ; 0           ; 0          ; 0                             ; 0                            ; 0          ; 0          ; 0         ; 0          ; 0          ; 0          ; 0                ; 0                ; 0             ; 0            ; 1           ;
; state.MOV1                    ; 0            ; 0            ; 0            ; 0           ; 0           ; 0           ; 0            ; 1          ; 0         ; 0            ; 0           ; 0           ; 0          ; 0                             ; 0                            ; 0          ; 0          ; 0         ; 0          ; 0          ; 0          ; 0                ; 0                ; 0             ; 0            ; 1           ;
; state.FETCH1                  ; 0            ; 0            ; 0            ; 0           ; 0           ; 0           ; 1            ; 0          ; 0         ; 0            ; 0           ; 0           ; 0          ; 0                             ; 0                            ; 0          ; 0          ; 0         ; 0          ; 0          ; 0          ; 0                ; 0                ; 0             ; 0            ; 1           ;
; state.LOAD2                   ; 0            ; 0            ; 0            ; 0           ; 0           ; 1           ; 0            ; 0          ; 0         ; 0            ; 0           ; 0           ; 0          ; 0                             ; 0                            ; 0          ; 0          ; 0         ; 0          ; 0          ; 0          ; 0                ; 0                ; 0             ; 0            ; 1           ;
; state.LOAD3                   ; 0            ; 0            ; 0            ; 0           ; 1           ; 0           ; 0            ; 0          ; 0         ; 0            ; 0           ; 0           ; 0          ; 0                             ; 0                            ; 0          ; 0          ; 0         ; 0          ; 0          ; 0          ; 0                ; 0                ; 0             ; 0            ; 1           ;
; state.LOAD4                   ; 0            ; 0            ; 0            ; 1           ; 0           ; 0           ; 0            ; 0          ; 0         ; 0            ; 0           ; 0           ; 0          ; 0                             ; 0                            ; 0          ; 0          ; 0         ; 0          ; 0          ; 0          ; 0                ; 0                ; 0             ; 0            ; 1           ;
; state.STORE2                  ; 0            ; 0            ; 1            ; 0           ; 0           ; 0           ; 0            ; 0          ; 0         ; 0            ; 0           ; 0           ; 0          ; 0                             ; 0                            ; 0          ; 0          ; 0         ; 0          ; 0          ; 0          ; 0                ; 0                ; 0             ; 0            ; 1           ;
; state.STORE3                  ; 0            ; 1            ; 0            ; 0           ; 0           ; 0           ; 0            ; 0          ; 0         ; 0            ; 0           ; 0           ; 0          ; 0                             ; 0                            ; 0          ; 0          ; 0         ; 0          ; 0          ; 0          ; 0                ; 0                ; 0             ; 0            ; 1           ;
; state.STORE4                  ; 1            ; 0            ; 0            ; 0           ; 0           ; 0           ; 0            ; 0          ; 0         ; 0            ; 0           ; 0           ; 0          ; 0                             ; 0                            ; 0          ; 0          ; 0         ; 0          ; 0          ; 0          ; 0                ; 0                ; 0             ; 0            ; 1           ;
+-------------------------------+--------------+--------------+--------------+-------------+-------------+-------------+--------------+------------+-----------+--------------+-------------+-------------+------------+-------------------------------+------------------------------+------------+------------+-----------+------------+------------+------------+------------------+------------------+---------------+--------------+-------------+


+--------------------------------------------------------------------------------+
; Registers Removed During Synthesis                                             ;
+---------------------------------------+----------------------------------------+
; Register name                         ; Reason for Removal                     ;
+---------------------------------------+----------------------------------------+
; alu_comando[3]                        ; Stuck at GND due to stuck port data_in ;
; state.EXECUTE                         ; Lost fanout                            ;
; state.MEM_ACCESS                      ; Lost fanout                            ;
; state.WRITE_BACK                      ; Lost fanout                            ;
; state.LOAD                            ; Lost fanout                            ;
; state.STORE                           ; Lost fanout                            ;
; state.MOV                             ; Lost fanout                            ;
; state.MOV1                            ; Lost fanout                            ;
; Total Number of Removed Registers = 8 ;                                        ;
+---------------------------------------+----------------------------------------+


+------------------------------------------------------+
; General Register Statistics                          ;
+----------------------------------------------+-------+
; Statistic                                    ; Value ;
+----------------------------------------------+-------+
; Total registers                              ; 113   ;
; Number of registers using Synchronous Clear  ; 1     ;
; Number of registers using Synchronous Load   ; 48    ;
; Number of registers using Asynchronous Clear ; 67    ;
; Number of registers using Asynchronous Load  ; 0     ;
; Number of registers using Clock Enable       ; 94    ;
; Number of registers using Preset             ; 0     ;
+----------------------------------------------+-------+


+------------------------------------------------------------------------------------------------------------------------------------------+
; Multiplexer Restructuring Statistics (Restructuring Performed)                                                                           ;
+--------------------+-----------+---------------+----------------------+------------------------+------------+----------------------------+
; Multiplexer Inputs ; Bus Width ; Baseline Area ; Area if Restructured ; Saving if Restructured ; Registered ; Example Multiplexer Output ;
+--------------------+-----------+---------------+----------------------+------------------------+------------+----------------------------+
; 8:1                ; 2 bits    ; 10 LEs        ; 2 LEs                ; 8 LEs                  ; Yes        ; |cpu|alu_comando[3]        ;
; 16:1               ; 2 bits    ; 20 LEs        ; 6 LEs                ; 14 LEs                 ; Yes        ; |cpu|alu_comando[0]        ;
; 7:1                ; 8 bits    ; 32 LEs        ; 16 LEs               ; 16 LEs                 ; Yes        ; |cpu|data_in[2]            ;
; 5:1                ; 8 bits    ; 24 LEs        ; 0 LEs                ; 24 LEs                 ; Yes        ; |cpu|reg2[0]               ;
; 6:1                ; 8 bits    ; 32 LEs        ; 0 LEs                ; 32 LEs                 ; Yes        ; |cpu|reg_data[5]           ;
; 19:1               ; 8 bits    ; 96 LEs        ; 16 LEs               ; 80 LEs                 ; Yes        ; |cpu|endereco[7]           ;
; 23:1               ; 8 bits    ; 120 LEs       ; 16 LEs               ; 104 LEs                ; Yes        ; |cpu|outputPlaca[4]~reg0   ;
; 20:1               ; 8 bits    ; 104 LEs       ; 16 LEs               ; 88 LEs                 ; Yes        ; |cpu|reg1[0]               ;
; 27:1               ; 8 bits    ; 144 LEs       ; 0 LEs                ; 144 LEs                ; Yes        ; |cpu|pc_reg[0]             ;
; 33:1               ; 8 bits    ; 176 LEs       ; 24 LEs               ; 152 LEs                ; Yes        ; |cpu|alu_input2[4]         ;
; 38:1               ; 8 bits    ; 200 LEs       ; 16 LEs               ; 184 LEs                ; Yes        ; |cpu|alu_input1[3]         ;
; 16:1               ; 8 bits    ; 80 LEs        ; 40 LEs               ; 40 LEs                 ; No         ; |cpu|alu:alu_inst|Mux0     ;
+--------------------+-----------+---------------+----------------------+------------------------+------------+----------------------------+


+---------------------------------------------------------------------------------------------------------------------------+
; Source assignments for memoria1:memoria_inst|memoria:inst1|altsyncram:altsyncram_component|altsyncram_mt14:auto_generated ;
+---------------------------------+--------------------+------+-------------------------------------------------------------+
; Assignment                      ; Value              ; From ; To                                                          ;
+---------------------------------+--------------------+------+-------------------------------------------------------------+
; OPTIMIZE_POWER_DURING_SYNTHESIS ; NORMAL_COMPILATION ; -    ; -                                                           ;
+---------------------------------+--------------------+------+-------------------------------------------------------------+


+------------------------------------------------------------------------------------------------------------------+
; Parameter Settings for User Entity Instance: memoria1:memoria_inst|memoria:inst1|altsyncram:altsyncram_component ;
+------------------------------------+----------------------+------------------------------------------------------+
; Parameter Name                     ; Value                ; Type                                                 ;
+------------------------------------+----------------------+------------------------------------------------------+
; BYTE_SIZE_BLOCK                    ; 8                    ; Untyped                                              ;
; AUTO_CARRY_CHAINS                  ; ON                   ; AUTO_CARRY                                           ;
; IGNORE_CARRY_BUFFERS               ; OFF                  ; IGNORE_CARRY                                         ;
; AUTO_CASCADE_CHAINS                ; ON                   ; AUTO_CASCADE                                         ;
; IGNORE_CASCADE_BUFFERS             ; OFF                  ; IGNORE_CASCADE                                       ;
; WIDTH_BYTEENA                      ; 1                    ; Untyped                                              ;
; OPERATION_MODE                     ; SINGLE_PORT          ; Untyped                                              ;
; WIDTH_A                            ; 8                    ; Signed Integer                                       ;
; WIDTHAD_A                          ; 8                    ; Signed Integer                                       ;
; NUMWORDS_A                         ; 256                  ; Signed Integer                                       ;
; OUTDATA_REG_A                      ; UNREGISTERED         ; Untyped                                              ;
; ADDRESS_ACLR_A                     ; NONE                 ; Untyped                                              ;
; OUTDATA_ACLR_A                     ; NONE                 ; Untyped                                              ;
; WRCONTROL_ACLR_A                   ; NONE                 ; Untyped                                              ;
; INDATA_ACLR_A                      ; NONE                 ; Untyped                                              ;
; BYTEENA_ACLR_A                     ; NONE                 ; Untyped                                              ;
; WIDTH_B                            ; 1                    ; Signed Integer                                       ;
; WIDTHAD_B                          ; 1                    ; Signed Integer                                       ;
; NUMWORDS_B                         ; 0                    ; Signed Integer                                       ;
; INDATA_REG_B                       ; CLOCK1               ; Untyped                                              ;
; WRCONTROL_WRADDRESS_REG_B          ; CLOCK1               ; Untyped                                              ;
; RDCONTROL_REG_B                    ; CLOCK1               ; Untyped                                              ;
; ADDRESS_REG_B                      ; CLOCK1               ; Untyped                                              ;
; OUTDATA_REG_B                      ; UNREGISTERED         ; Untyped                                              ;
; BYTEENA_REG_B                      ; CLOCK1               ; Untyped                                              ;
; INDATA_ACLR_B                      ; NONE                 ; Untyped                                              ;
; WRCONTROL_ACLR_B                   ; NONE                 ; Untyped                                              ;
; ADDRESS_ACLR_B                     ; NONE                 ; Untyped                                              ;
; OUTDATA_ACLR_B                     ; NONE                 ; Untyped                                              ;
; RDCONTROL_ACLR_B                   ; NONE                 ; Untyped                                              ;
; BYTEENA_ACLR_B                     ; NONE                 ; Untyped                                              ;
; WIDTH_BYTEENA_A                    ; 1                    ; Signed Integer                                       ;
; WIDTH_BYTEENA_B                    ; 1                    ; Signed Integer                                       ;
; RAM_BLOCK_TYPE                     ; AUTO                 ; Untyped                                              ;
; BYTE_SIZE                          ; 8                    ; Signed Integer                                       ;
; READ_DURING_WRITE_MODE_MIXED_PORTS ; DONT_CARE            ; Untyped                                              ;
; READ_DURING_WRITE_MODE_PORT_A      ; NEW_DATA_NO_NBE_READ ; Untyped                                              ;
; READ_DURING_WRITE_MODE_PORT_B      ; NEW_DATA_NO_NBE_READ ; Untyped                                              ;
; INIT_FILE                          ; cpu.mif              ; Untyped                                              ;
; INIT_FILE_LAYOUT                   ; PORT_A               ; Untyped                                              ;
; MAXIMUM_DEPTH                      ; 0                    ; Signed Integer                                       ;
; CLOCK_ENABLE_INPUT_A               ; BYPASS               ; Untyped                                              ;
; CLOCK_ENABLE_INPUT_B               ; NORMAL               ; Untyped                                              ;
; CLOCK_ENABLE_OUTPUT_A              ; BYPASS               ; Untyped                                              ;
; CLOCK_ENABLE_OUTPUT_B              ; NORMAL               ; Untyped                                              ;
; CLOCK_ENABLE_CORE_A                ; USE_INPUT_CLKEN      ; Untyped                                              ;
; CLOCK_ENABLE_CORE_B                ; USE_INPUT_CLKEN      ; Untyped                                              ;
; ENABLE_ECC                         ; FALSE                ; Untyped                                              ;
; ECC_PIPELINE_STAGE_ENABLED         ; FALSE                ; Untyped                                              ;
; WIDTH_ECCSTATUS                    ; 3                    ; Signed Integer                                       ;
; DEVICE_FAMILY                      ; Cyclone V            ; Untyped                                              ;
; CBXI_PARAMETER                     ; altsyncram_mt14      ; Untyped                                              ;
+------------------------------------+----------------------+------------------------------------------------------+
Note: In order to hide this table in the UI and the text report file, please set the "Show Parameter Settings in Synthesis Report" option in "Analysis and Synthesis Settings -> More Settings" to "Off".


+-----------------------------------------------------------------------------------------------------------------+
; altsyncram Parameter Settings by Entity Instance                                                                ;
+-------------------------------------------+---------------------------------------------------------------------+
; Name                                      ; Value                                                               ;
+-------------------------------------------+---------------------------------------------------------------------+
; Number of entity instances                ; 1                                                                   ;
; Entity Instance                           ; memoria1:memoria_inst|memoria:inst1|altsyncram:altsyncram_component ;
;     -- OPERATION_MODE                     ; SINGLE_PORT                                                         ;
;     -- WIDTH_A                            ; 8                                                                   ;
;     -- NUMWORDS_A                         ; 256                                                                 ;
;     -- OUTDATA_REG_A                      ; UNREGISTERED                                                        ;
;     -- WIDTH_B                            ; 1                                                                   ;
;     -- NUMWORDS_B                         ; 0                                                                   ;
;     -- ADDRESS_REG_B                      ; CLOCK1                                                              ;
;     -- OUTDATA_REG_B                      ; UNREGISTERED                                                        ;
;     -- RAM_BLOCK_TYPE                     ; AUTO                                                                ;
;     -- READ_DURING_WRITE_MODE_MIXED_PORTS ; DONT_CARE                                                           ;
+-------------------------------------------+---------------------------------------------------------------------+


+------------------------------------------------------------------+
; Port Connectivity Checks: "alu:alu_inst|fullAdder8bits:subtrair" ;
+------+-------+----------+----------------------------------------+
; Port ; Type  ; Severity ; Details                                ;
+------+-------+----------+----------------------------------------+
; cin  ; Input ; Info     ; Stuck at GND                           ;
+------+-------+----------+----------------------------------------+


+---------------------------------------------------------------+
; Port Connectivity Checks: "alu:alu_inst|fullAdder8bits:somar" ;
+------+-------+----------+-------------------------------------+
; Port ; Type  ; Severity ; Details                             ;
+------+-------+----------+-------------------------------------+
; cin  ; Input ; Info     ; Stuck at GND                        ;
+------+-------+----------+-------------------------------------+


+-------------------------------------------------------------------------------------------------------------------------+
; Port Connectivity Checks: "alu:alu_inst"                                                                                ;
+---------------+--------+----------+-------------------------------------------------------------------------------------+
; Port          ; Type   ; Severity ; Details                                                                             ;
+---------------+--------+----------+-------------------------------------------------------------------------------------+
; flag_overflow ; Output ; Info     ; Connected to dangling logic. Logic that only feeds a dangling port will be removed. ;
; flag_carry    ; Output ; Info     ; Connected to dangling logic. Logic that only feeds a dangling port will be removed. ;
+---------------+--------+----------+-------------------------------------------------------------------------------------+


+-----------------------------------------------------+
; Post-Synthesis Netlist Statistics for Top Partition ;
+-----------------------+-----------------------------+
; Type                  ; Count                       ;
+-----------------------+-----------------------------+
; arriav_ff             ; 113                         ;
;     CLR               ; 19                          ;
;     ENA               ; 29                          ;
;     ENA CLR           ; 16                          ;
;     ENA CLR SLD       ; 32                          ;
;     ENA SCLR          ; 1                           ;
;     ENA SLD           ; 16                          ;
; arriav_lcell_comb     ; 174                         ;
;     arith             ; 24                          ;
;         1 data inputs ; 24                          ;
;     extend            ; 3                           ;
;         7 data inputs ; 3                           ;
;     normal            ; 147                         ;
;         1 data inputs ; 2                           ;
;         2 data inputs ; 18                          ;
;         3 data inputs ; 24                          ;
;         4 data inputs ; 21                          ;
;         5 data inputs ; 34                          ;
;         6 data inputs ; 48                          ;
; boundary_port         ; 19                          ;
; stratixv_ram_block    ; 8                           ;
;                       ;                             ;
; Max LUT depth         ; 5.20                        ;
; Average LUT depth     ; 2.35                        ;
+-----------------------+-----------------------------+


+-------------------------------+
; Elapsed Time Per Partition    ;
+----------------+--------------+
; Partition Name ; Elapsed Time ;
+----------------+--------------+
; Top            ; 00:00:00     ;
+----------------+--------------+


+-------------------------------+
; Analysis & Synthesis Messages ;
+-------------------------------+
Info: *******************************************************************
Info: Running Quartus Prime Analysis & Synthesis
    Info: Version 21.1.0 Build 842 10/21/2021 SJ Lite Edition
    Info: Processing started: Tue Dec  3 17:52:57 2024
Info: Command: quartus_map --read_settings_files=on --write_settings_files=off cpu -c cpu
Warning (18236): Number of processors has not been specified which may cause overloading on shared machines.  Set the global assignment NUM_PARALLEL_PROCESSORS in your QSF to an appropriate value for best performance.
Info (20030): Parallel compilation is enabled and will use 4 of the 4 processors detected
Info (12021): Found 2 design units, including 1 entities, in source file inputunit.vhd
    Info (12022): Found design unit 1: inputUnit-Behavioral File: C:/Users/14571376/Desktop/cpu/inputUnit.vhd Line: 13
    Info (12023): Found entity 1: inputUnit File: C:/Users/14571376/Desktop/cpu/inputUnit.vhd Line: 5
Info (12021): Found 2 design units, including 1 entities, in source file alu.vhd
    Info (12022): Found design unit 1: alu-Behavioral File: C:/Users/14571376/Desktop/cpu/alu.vhd Line: 18
    Info (12023): Found entity 1: alu File: C:/Users/14571376/Desktop/cpu/alu.vhd Line: 5
Info (12021): Found 2 design units, including 1 entities, in source file complemento_de_dois.vhd
    Info (12022): Found design unit 1: complemento_de_dois-Behavioral File: C:/Users/14571376/Desktop/cpu/complemento_de_dois.vhd Line: 13
    Info (12023): Found entity 1: complemento_de_dois File: C:/Users/14571376/Desktop/cpu/complemento_de_dois.vhd Line: 6
Info (12021): Found 2 design units, including 1 entities, in source file fulladder8bits.vhd
    Info (12022): Found design unit 1: fullAdder8bits-Behavioral File: C:/Users/14571376/Desktop/cpu/fullAdder8bits.vhd Line: 17
    Info (12023): Found entity 1: fullAdder8bits File: C:/Users/14571376/Desktop/cpu/fullAdder8bits.vhd Line: 6
Info (12021): Found 2 design units, including 1 entities, in source file fulladder.vhd
    Info (12022): Found design unit 1: fullAdder-Behavioral File: C:/Users/14571376/Desktop/cpu/fullAdder.vhd Line: 17
    Info (12023): Found entity 1: fullAdder File: C:/Users/14571376/Desktop/cpu/fullAdder.vhd Line: 7
Info (12021): Found 2 design units, including 1 entities, in source file memoria.vhd
    Info (12022): Found design unit 1: memoria-SYN File: C:/Users/14571376/Desktop/cpu/memoria.vhd Line: 55
    Info (12023): Found entity 1: memoria File: C:/Users/14571376/Desktop/cpu/memoria.vhd Line: 43
Info (12021): Found 2 design units, including 1 entities, in source file memoria1.vhd
    Info (12022): Found design unit 1: memoria1-behavioral File: C:/Users/14571376/Desktop/cpu/memoria1.vhd Line: 16
    Info (12023): Found entity 1: memoria1 File: C:/Users/14571376/Desktop/cpu/memoria1.vhd Line: 5
Warning (12125): Using design file cpu.vhd, which is not specified as a design file for the current project, but contains definitions for 2 design units and 1 entities in project
    Info (12022): Found design unit 1: cpu-Behavioral File: C:/Users/14571376/Desktop/cpu/cpu.vhd Line: 14
    Info (12023): Found entity 1: cpu File: C:/Users/14571376/Desktop/cpu/cpu.vhd Line: 5
Info (12127): Elaborating entity "cpu" for the top level hierarchy
Warning (10036): Verilog HDL or VHDL warning at cpu.vhd(31): object "alu_flag_overflow" assigned a value but never read File: C:/Users/14571376/Desktop/cpu/cpu.vhd Line: 31
Warning (10036): Verilog HDL or VHDL warning at cpu.vhd(33): object "alu_flag_carry" assigned a value but never read File: C:/Users/14571376/Desktop/cpu/cpu.vhd Line: 33
Info (12128): Elaborating entity "alu" for hierarchy "alu:alu_inst" File: C:/Users/14571376/Desktop/cpu/cpu.vhd Line: 80
Warning (10492): VHDL Process Statement warning at alu.vhd(90): signal "overflow1" is read inside the Process Statement but isn't in the Process Statement's sensitivity list File: C:/Users/14571376/Desktop/cpu/alu.vhd Line: 90
Warning (10492): VHDL Process Statement warning at alu.vhd(91): signal "COUT1" is read inside the Process Statement but isn't in the Process Statement's sensitivity list File: C:/Users/14571376/Desktop/cpu/alu.vhd Line: 91
Warning (10492): VHDL Process Statement warning at alu.vhd(96): signal "overflow2" is read inside the Process Statement but isn't in the Process Statement's sensitivity list File: C:/Users/14571376/Desktop/cpu/alu.vhd Line: 96
Warning (10492): VHDL Process Statement warning at alu.vhd(97): signal "COUT2" is read inside the Process Statement but isn't in the Process Statement's sensitivity list File: C:/Users/14571376/Desktop/cpu/alu.vhd Line: 97
Warning (10492): VHDL Process Statement warning at alu.vhd(101): signal "input1" is read inside the Process Statement but isn't in the Process Statement's sensitivity list File: C:/Users/14571376/Desktop/cpu/alu.vhd Line: 101
Warning (10492): VHDL Process Statement warning at alu.vhd(101): signal "input2" is read inside the Process Statement but isn't in the Process Statement's sensitivity list File: C:/Users/14571376/Desktop/cpu/alu.vhd Line: 101
Warning (10492): VHDL Process Statement warning at alu.vhd(105): signal "input1" is read inside the Process Statement but isn't in the Process Statement's sensitivity list File: C:/Users/14571376/Desktop/cpu/alu.vhd Line: 105
Warning (10492): VHDL Process Statement warning at alu.vhd(105): signal "input2" is read inside the Process Statement but isn't in the Process Statement's sensitivity list File: C:/Users/14571376/Desktop/cpu/alu.vhd Line: 105
Warning (10492): VHDL Process Statement warning at alu.vhd(109): signal "input1" is read inside the Process Statement but isn't in the Process Statement's sensitivity list File: C:/Users/14571376/Desktop/cpu/alu.vhd Line: 109
Warning (10631): VHDL Process Statement warning at alu.vhd(84): inferring latch(es) for signal or variable "flag_overflow", which holds its previous value in one or more paths through the process File: C:/Users/14571376/Desktop/cpu/alu.vhd Line: 84
Warning (10631): VHDL Process Statement warning at alu.vhd(84): inferring latch(es) for signal or variable "flag_carry", which holds its previous value in one or more paths through the process File: C:/Users/14571376/Desktop/cpu/alu.vhd Line: 84
Info (10041): Inferred latch for "flag_carry" at alu.vhd(84) File: C:/Users/14571376/Desktop/cpu/alu.vhd Line: 84
Info (10041): Inferred latch for "flag_overflow" at alu.vhd(84) File: C:/Users/14571376/Desktop/cpu/alu.vhd Line: 84
Info (12128): Elaborating entity "fullAdder8bits" for hierarchy "alu:alu_inst|fullAdder8bits:somar" File: C:/Users/14571376/Desktop/cpu/alu.vhd Line: 55
Info (12128): Elaborating entity "fullAdder" for hierarchy "alu:alu_inst|fullAdder8bits:somar|fullAdder:FA0" File: C:/Users/14571376/Desktop/cpu/fullAdder8bits.vhd Line: 39
Info (12128): Elaborating entity "complemento_de_dois" for hierarchy "alu:alu_inst|complemento_de_dois:complemento" File: C:/Users/14571376/Desktop/cpu/alu.vhd Line: 66
Info (12128): Elaborating entity "memoria1" for hierarchy "memoria1:memoria_inst" File: C:/Users/14571376/Desktop/cpu/cpu.vhd Line: 93
Info (12128): Elaborating entity "memoria" for hierarchy "memoria1:memoria_inst|memoria:inst1" File: C:/Users/14571376/Desktop/cpu/memoria1.vhd Line: 28
Info (12128): Elaborating entity "altsyncram" for hierarchy "memoria1:memoria_inst|memoria:inst1|altsyncram:altsyncram_component" File: C:/Users/14571376/Desktop/cpu/memoria.vhd Line: 62
Info (12130): Elaborated megafunction instantiation "memoria1:memoria_inst|memoria:inst1|altsyncram:altsyncram_component" File: C:/Users/14571376/Desktop/cpu/memoria.vhd Line: 62
Info (12133): Instantiated megafunction "memoria1:memoria_inst|memoria:inst1|altsyncram:altsyncram_component" with the following parameter: File: C:/Users/14571376/Desktop/cpu/memoria.vhd Line: 62
    Info (12134): Parameter "address_aclr_a" = "UNUSED"
    Info (12134): Parameter "address_aclr_b" = "NONE"
    Info (12134): Parameter "address_reg_b" = "CLOCK1"
    Info (12134): Parameter "byte_size" = "8"
    Info (12134): Parameter "byteena_aclr_a" = "UNUSED"
    Info (12134): Parameter "byteena_aclr_b" = "NONE"
    Info (12134): Parameter "byteena_reg_b" = "CLOCK1"
    Info (12134): Parameter "clock_enable_core_a" = "USE_INPUT_CLKEN"
    Info (12134): Parameter "clock_enable_core_b" = "USE_INPUT_CLKEN"
    Info (12134): Parameter "clock_enable_input_a" = "BYPASS"
    Info (12134): Parameter "clock_enable_input_b" = "NORMAL"
    Info (12134): Parameter "clock_enable_output_a" = "BYPASS"
    Info (12134): Parameter "clock_enable_output_b" = "NORMAL"
    Info (12134): Parameter "intended_device_family" = "Cyclone V"
    Info (12134): Parameter "ecc_pipeline_stage_enabled" = "FALSE"
    Info (12134): Parameter "enable_ecc" = "FALSE"
    Info (12134): Parameter "implement_in_les" = "OFF"
    Info (12134): Parameter "indata_aclr_a" = "UNUSED"
    Info (12134): Parameter "indata_aclr_b" = "NONE"
    Info (12134): Parameter "indata_reg_b" = "CLOCK1"
    Info (12134): Parameter "init_file" = "cpu.mif"
    Info (12134): Parameter "init_file_layout" = "PORT_A"
    Info (12134): Parameter "maximum_depth" = "0"
    Info (12134): Parameter "numwords_a" = "256"
    Info (12134): Parameter "numwords_b" = "0"
    Info (12134): Parameter "operation_mode" = "SINGLE_PORT"
    Info (12134): Parameter "outdata_aclr_a" = "NONE"
    Info (12134): Parameter "outdata_aclr_b" = "NONE"
    Info (12134): Parameter "outdata_reg_a" = "UNREGISTERED"
    Info (12134): Parameter "outdata_reg_b" = "UNREGISTERED"
    Info (12134): Parameter "power_up_uninitialized" = "FALSE"
    Info (12134): Parameter "ram_block_type" = "AUTO"
    Info (12134): Parameter "rdcontrol_aclr_b" = "NONE"
    Info (12134): Parameter "rdcontrol_reg_b" = "CLOCK1"
    Info (12134): Parameter "read_during_write_mode_mixed_ports" = "DONT_CARE"
    Info (12134): Parameter "read_during_write_mode_port_a" = "NEW_DATA_NO_NBE_READ"
    Info (12134): Parameter "read_during_write_mode_port_b" = "NEW_DATA_NO_NBE_READ"
    Info (12134): Parameter "stratixiv_m144k_allow_dual_clocks" = "ON"
    Info (12134): Parameter "width_a" = "8"
    Info (12134): Parameter "width_b" = "1"
    Info (12134): Parameter "width_byteena_a" = "1"
    Info (12134): Parameter "width_byteena_b" = "1"
    Info (12134): Parameter "width_eccstatus" = "3"
    Info (12134): Parameter "widthad_a" = "8"
    Info (12134): Parameter "widthad_b" = "1"
    Info (12134): Parameter "wrcontrol_aclr_a" = "UNUSED"
    Info (12134): Parameter "wrcontrol_aclr_b" = "NONE"
    Info (12134): Parameter "wrcontrol_wraddress_reg_b" = "CLOCK1"
    Info (12134): Parameter "lpm_hint" = "ENABLE_RUNTIME_MOD=NO"
    Info (12134): Parameter "lpm_type" = "altsyncram"
Info (12021): Found 1 design units, including 1 entities, in source file db/altsyncram_mt14.tdf
    Info (12023): Found entity 1: altsyncram_mt14 File: C:/Users/14571376/Desktop/cpu/db/altsyncram_mt14.tdf Line: 28
Info (12128): Elaborating entity "altsyncram_mt14" for hierarchy "memoria1:memoria_inst|memoria:inst1|altsyncram:altsyncram_component|altsyncram_mt14:auto_generated" File: c:/intelfpga_lite/21.1/quartus/libraries/megafunctions/altsyncram.tdf Line: 792
Info (286030): Timing-Driven Synthesis is running
Info (17049): 7 registers lost all their fanouts during netlist optimizations.
Info (16010): Generating hard_block partition "hard_block:auto_generated_inst"
    Info (16011): Adding 0 node(s), including 0 DDIO, 0 PLL, 0 transceiver and 0 LCELL
Info (21057): Implemented 252 device resources after synthesis - the final resource count might be different
    Info (21058): Implemented 10 input pins
    Info (21059): Implemented 9 output pins
    Info (21061): Implemented 225 logic cells
    Info (21064): Implemented 8 RAM segments
Info: Quartus Prime Analysis & Synthesis was successful. 0 errors, 15 warnings
    Info: Peak virtual memory: 4884 megabytes
    Info: Processing ended: Tue Dec  3 17:53:08 2024
    Info: Elapsed time: 00:00:11
    Info: Total CPU time (on all processors): 00:00:20


